<?xml version="1.0" encoding="UTF-8" ?>
<testsuite errors="0" failures="0" hostname="Usmans-MacBook-Pro.local" name="com.google.i18n.phonenumbers.PhoneNumberToCarrierMapperTest" skipped="0" tests="8" time="0.129" timestamp="2017-09-29T14:31:52">
  <properties>
[...]
</properties>
  <testcase classname="com.google.i18n.phonenumbers.PhoneNumberToCarrierMapperTest" name="testGetNameForMobilePortableRegion" time="0.122" />
  <testcase classname="com.google.i18n.phonenumbers.PhoneNumberToCarrierMapperTest" name="testGetNameForNonMobilePortableRegion" time="0.001" />
  <testcase classname="com.google.i18n.phonenumbers.PhoneNumberToCarrierMapperTest" name="testGetNameForFixedLineNumber" time="0.001" />
  <testcase classname="com.google.i18n.phonenumbers.PhoneNumberToCarrierMapperTest" name="testGetNameForFixedOrMobileNumber" time="0.001" />
  <testcase classname="com.google.i18n.phonenumbers.PhoneNumberToCarrierMapperTest" name="testGetNameForPagerNumber" time="0.0" />
  <testcase classname="com.google.i18n.phonenumbers.PhoneNumberToCarrierMapperTest" name="testGetNameForNumberWithNoDataFile" time="0.001" />
  <testcase classname="com.google.i18n.phonenumbers.PhoneNumberToCarrierMapperTest" name="testGetNameForNumberWithMissingPrefix" time="0.001" />
  <testcase classname="com.google.i18n.phonenumbers.PhoneNumberToCarrierMapperTest" name="testGetNameForInvalidNumber" time="0.0" />
  <system-out><![CDATA[]]></system-out>
  <system-err><![CDATA[Sep 29, 2017 2:31:52 PM com.google.i18n.phonenumbers.PhoneNumberUtil getRegionCodeForNumber
INFO: Missing/invalid country_code (999)
]]></system-err>
</testsuite>
